# JRE version: Java(TM) SE Runtime Environment (8.0_161-b12) (build 1.8.0_161-b12)
# Java VM: Java HotSpot(TM) 64-Bit Server VM (25.161-b12 mixed mode windows-amd64 compressed oops)
Heap:
 PSYoungGen      total 321536K, used 63692K [0x00000000d5f00000, 0x00000000ea680000, 0x0000000100000000)
  eden space 309248K, 20% used [0x00000000d5f00000,0x00000000d9d33360,0x00000000e8d00000)
  from space 12288K, 0% used [0x00000000e9980000,0x00000000e9980000,0x00000000ea580000)
  to   space 12800K, 0% used [0x00000000e8d00000,0x00000000e8d00000,0x00000000e9980000)
 ParOldGen       total 62976K, used 11931K [0x0000000081c00000, 0x0000000085980000, 0x00000000d5f00000)
  object space 62976K, 18% used [0x0000000081c00000,0x00000000827a6c70,0x0000000085980000)
 Metaspace       used 36427K, capacity 38962K, committed 39256K, reserved 1083392K
  class space    used 4986K, capacity 5437K, committed 5504K, reserved 1048576K
GC Heap History (10 events):
Event: 6.409 GC heap before
{Heap before GC invocations=9 (full 1):
 PSYoungGen      total 139776K, used 14318K [0x00000000d5f00000, 0x00000000e3e80000, 0x0000000100000000)
  eden space 130560K, 3% used [0x00000000d5f00000,0x00000000d63ff088,0x00000000dde80000)
  from space 9216K, 99% used [0x00000000dde80000,0x00000000de77ca60,0x00000000de780000)
  to   space 12288K, 0% used [0x00000000e3280000,0x00000000e3280000,0x00000000e3e80000)
 ParOldGen       total 50176K, used 11182K [0x0000000081c00000, 0x0000000084d00000, 0x00000000d5f00000)
  object space 50176K, 22% used [0x0000000081c00000,0x00000000826eb878,0x0000000084d00000)
 Metaspace       used 33111K, capacity 35300K, committed 35416K, reserved 1079296K
  class space    used 4508K, capacity 4926K, committed 4992K, reserved 1048576K
Event: 6.415 GC heap after
Heap after GC invocations=9 (full 1):
 PSYoungGen      total 216576K, used 7616K [0x00000000d5f00000, 0x00000000e6a00000, 0x0000000100000000)
  eden space 204288K, 0% used [0x00000000d5f00000,0x00000000d5f00000,0x00000000e2680000)
  from space 12288K, 61% used [0x00000000e3280000,0x00000000e39f0020,0x00000000e3e80000)
  to   space 12288K, 0% used [0x00000000e2680000,0x00000000e2680000,0x00000000e3280000)
 ParOldGen       total 50176K, used 11190K [0x0000000081c00000, 0x0000000084d00000, 0x00000000d5f00000)
  object space 50176K, 22% used [0x0000000081c00000,0x00000000826ed878,0x0000000084d00000)
 Metaspace       used 33111K, capacity 35300K, committed 35416K, reserved 1079296K
  class space    used 4508K, capacity 4926K, committed 4992K, reserved 1048576K
}
Event: 6.415 GC heap before
{Heap before GC invocations=10 (full 2):
 PSYoungGen      total 216576K, used 7616K [0x00000000d5f00000, 0x00000000e6a00000, 0x0000000100000000)
  eden space 204288K, 0% used [0x00000000d5f00000,0x00000000d5f00000,0x00000000e2680000)
  from space 12288K, 61% used [0x00000000e3280000,0x00000000e39f0020,0x00000000e3e80000)
  to   space 12288K, 0% used [0x00000000e2680000,0x00000000e2680000,0x00000000e3280000)
 ParOldGen       total 50176K, used 11190K [0x0000000081c00000, 0x0000000084d00000, 0x00000000d5f00000)
  object space 50176K, 22% used [0x0000000081c00000,0x00000000826ed878,0x0000000084d00000)
 Metaspace       used 33111K, capacity 35300K, committed 35416K, reserved 1079296K
  class space    used 4508K, capacity 4926K, committed 4992K, reserved 1048576K
Event: 6.458 GC heap after
Heap after GC invocations=10 (full 2):
 PSYoungGen      total 216576K, used 0K [0x00000000d5f00000, 0x00000000e6a00000, 0x0000000100000000)
  eden space 204288K, 0% used [0x00000000d5f00000,0x00000000d5f00000,0x00000000e2680000)
  from space 12288K, 0% used [0x00000000e3280000,0x00000000e3280000,0x00000000e3e80000)
  to   space 12288K, 0% used [0x00000000e2680000,0x00000000e2680000,0x00000000e3280000)
 ParOldGen       total 62976K, used 13139K [0x0000000081c00000, 0x0000000085980000, 0x00000000d5f00000)
  object space 62976K, 20% used [0x0000000081c00000,0x00000000828d4d18,0x0000000085980000)
 Metaspace       used 33107K, capacity 35294K, committed 35416K, reserved 1079296K
  class space    used 4507K, capacity 4925K, committed 4992K, reserved 1048576K
}
Event: 315.862 GC heap before
{Heap before GC invocations=11 (full 2):
 PSYoungGen      total 216576K, used 204288K [0x00000000d5f00000, 0x00000000e6a00000, 0x0000000100000000)
  eden space 204288K, 100% used [0x00000000d5f00000,0x00000000e2680000,0x00000000e2680000)
  from space 12288K, 0% used [0x00000000e3280000,0x00000000e3280000,0x00000000e3e80000)
  to   space 12288K, 0% used [0x00000000e2680000,0x00000000e2680000,0x00000000e3280000)
 ParOldGen       total 62976K, used 13139K [0x0000000081c00000, 0x0000000085980000, 0x00000000d5f00000)
  object space 62976K, 20% used [0x0000000081c00000,0x00000000828d4d18,0x0000000085980000)
 Metaspace       used 35940K, capacity 38312K, committed 38360K, reserved 1083392K
  class space    used 4897K, capacity 5345K, committed 5376K, reserved 1048576K
Event: 315.867 GC heap after
Heap after GC invocations=11 (full 2):
 PSYoungGen      total 216576K, used 3455K [0x00000000d5f00000, 0x00000000ea580000, 0x0000000100000000)
  eden space 204288K, 0% used [0x00000000d5f00000,0x00000000d5f00000,0x00000000e2680000)
  from space 12288K, 28% used [0x00000000e2680000,0x00000000e29dfda0,0x00000000e3280000)
  to   space 12288K, 0% used [0x00000000e9980000,0x00000000e9980000,0x00000000ea580000)
 ParOldGen       total 62976K, used 13147K [0x0000000081c00000, 0x0000000085980000, 0x00000000d5f00000)
  object space 62976K, 20% used [0x0000000081c00000,0x00000000828d6d18,0x0000000085980000)
 Metaspace       used 35940K, capacity 38312K, committed 38360K, reserved 1083392K
  class space    used 4897K, capacity 5345K, committed 5376K, reserved 1048576K
}
Event: 540.846 GC heap before
{Heap before GC invocations=12 (full 2):
 PSYoungGen      total 216576K, used 157865K [0x00000000d5f00000, 0x00000000ea580000, 0x0000000100000000)
  eden space 204288K, 75% used [0x00000000d5f00000,0x00000000df5ca928,0x00000000e2680000)
  from space 12288K, 28% used [0x00000000e2680000,0x00000000e29dfda0,0x00000000e3280000)
  to   space 12288K, 0% used [0x00000000e9980000,0x00000000e9980000,0x00000000ea580000)
 ParOldGen       total 62976K, used 13147K [0x0000000081c00000, 0x0000000085980000, 0x00000000d5f00000)
  object space 62976K, 20% used [0x0000000081c00000,0x00000000828d6d18,0x0000000085980000)
 Metaspace       used 36052K, capacity 38494K, committed 38616K, reserved 1083392K
  class space    used 4919K, capacity 5357K, committed 5376K, reserved 1048576K
Event: 540.849 GC heap after
Heap after GC invocations=12 (full 2):
 PSYoungGen      total 321536K, used 928K [0x00000000d5f00000, 0x00000000ea680000, 0x0000000100000000)
  eden space 309248K, 0% used [0x00000000d5f00000,0x00000000d5f00000,0x00000000e8d00000)
  from space 12288K, 7% used [0x00000000e9980000,0x00000000e9a68000,0x00000000ea580000)
  to   space 12800K, 0% used [0x00000000e8d00000,0x00000000e8d00000,0x00000000e9980000)
 ParOldGen       total 62976K, used 13155K [0x0000000081c00000, 0x0000000085980000, 0x00000000d5f00000)
  object space 62976K, 20% used [0x0000000081c00000,0x00000000828d8d18,0x0000000085980000)
 Metaspace       used 36052K, capacity 38494K, committed 38616K, reserved 1083392K
  class space    used 4919K, capacity 5357K, committed 5376K, reserved 1048576K
}
Event: 540.849 GC heap before
{Heap before GC invocations=13 (full 3):
 PSYoungGen      total 321536K, used 928K [0x00000000d5f00000, 0x00000000ea680000, 0x0000000100000000)
  eden space 309248K, 0% used [0x00000000d5f00000,0x00000000d5f00000,0x00000000e8d00000)
  from space 12288K, 7% used [0x00000000e9980000,0x00000000e9a68000,0x00000000ea580000)
  to   space 12800K, 0% used [0x00000000e8d00000,0x00000000e8d00000,0x00000000e9980000)
 ParOldGen       total 62976K, used 13155K [0x0000000081c00000, 0x0000000085980000, 0x00000000d5f00000)
  object space 62976K, 20% used [0x0000000081c00000,0x00000000828d8d18,0x0000000085980000)
 Metaspace       used 36052K, capacity 38494K, committed 38616K, reserved 1083392K
  class space    used 4919K, capacity 5357K, committed 5376K, reserved 1048576K
Event: 541.035 GC heap after
Heap after GC invocations=13 (full 3):
 PSYoungGen      total 321536K, used 0K [0x00000000d5f00000, 0x00000000ea680000, 0x0000000100000000)
  eden space 309248K, 0% used [0x00000000d5f00000,0x00000000d5f00000,0x00000000e8d00000)
  from space 12288K, 0% used [0x00000000e9980000,0x00000000e9980000,0x00000000ea580000)
  to   space 12800K, 0% used [0x00000000e8d00000,0x00000000e8d00000,0x00000000e9980000)
 ParOldGen       total 62976K, used 11931K [0x0000000081c00000, 0x0000000085980000, 0x00000000d5f00000)
  object space 62976K, 18% used [0x0000000081c00000,0x00000000827a6c70,0x0000000085980000)
 Metaspace       used 36052K, capacity 38494K, committed 38616K, reserved 1083392K
  class space    used 4919K, capacity 5357K, committed 5376K, reserved 1048576K
}

